1518984124559	geckodriver	INFO	geckodriver 0.19.1
1518984124568	geckodriver	INFO	Listening on 127.0.0.1:1955
1518984127722	mozrunner::runner	INFO	Running command: "C:\\Program Files\\Mozilla Firefox\\firefox.exe" "-marionette" "-profile" "C:\\Users\\Jacob\\AppData\\Local\\Temp\\rust_mozprofile.XQSNcb6YrmPA"
Unable to read VR Path Registry from C:\Users\Jacob\AppData\Local\openvr\openvrpaths.vrpath
1518984131462	Marionette	INFO	Enabled via --marionette
Unable to read VR Path Registry from C:\Users\Jacob\AppData\Local\openvr\openvrpaths.vrpath
Unable to read VR Path Registry from C:\Users\Jacob\AppData\Local\openvr\openvrpaths.vrpath
Unable to read VR Path Registry from C:\Users\Jacob\AppData\Local\openvr\openvrpaths.vrpath
Unable to read VR Path Registry from C:\Users\Jacob\AppData\Local\openvr\openvrpaths.vrpath
1518984133020	Marionette	INFO	Listening on port 1963
1518984133078	Marionette	WARN	TLS certificate errors will be ignored for this session
[Child 9076, Chrome_ChildThread] WARNING: pipe error: 109: file z:/build/build/src/ipc/chromium/src/chrome/common/ipc_channel_win.cc, line 346
[Child 9076, Chrome_ChildThrea[Parent 9948, Gecko_IOThread] WARNING: pipe error: 109: file z:/build/build/src/ipc/chromium/src/chrome/common/ipc_channel_win.cc, line 346
*** UTM:SVC TimerManager:registerTimer called after profile-before-change notification. Ignoring timer registration for id: telemetry_modules_ping

###!!! [Child][MessageChannel::SendAndWait] Error: Channel error: cannot send/recv

1518988822519	geckodriver	INFO	geckodriver 0.19.1
1518988822526	geckodriver	INFO	Listening on 127.0.0.1:25694
1518988825753	mozrunner::runner	INFO	Running command: "C:\\Program Files\\Mozilla Firefox\\firefox.exe" "-marionette" "-profile" "C:\\Users\\Jacob\\AppData\\Local\\Temp\\rust_mozprofile.ANSmJ5u3TAZd"
Unable to read VR Path Registry from C:\Users\Jacob\AppData\Local\openvr\openvrpaths.vrpath
1518988827554	Marionette	INFO	Enabled via --marionette
Unable to read VR Path Registry from C:\Users\Jacob\AppData\Local\openvr\openvrpaths.vrpath
Unable to read VR Path Registry from C:\Users\Jacob\AppData\Local\openvr\openvrpaths.vrpath
Unable to read VR Path Registry from C:\Users\Jacob\AppData\Local\openvr\openvrpaths.vrpath
1518988829823	Marionette	INFO	Listening on port 25702
Unable to read VR Path Registry from C:\Users\Jacob\AppData\Local\openvr\openvrpaths.vrpath
1518988829944	Marionette	WARN	TLS certificate errors will be ignored for this session
[Parent 12236, Gecko_IOThread] WARNING: pipe error: 109: file z:/build/build/src/ipc/chromium/src/chrome/common/ipc_channel_win.cc, line 346
[Child 5240, Chrome_ChildThread] WARNING: pipe error: 109: file z:/build/build/src/ipc/chromium/src/chrome/common/ipc_channel_win.cc, line 346
[Child 7788, Chrome_ChildThread] WARNING: pipe error: 109: file z:/build/build/src/ipc/chromium/src/chrome/common/ipc_channel_win.cc, line 346
[Child 7788, Chrome_ChildT[Parent 12236, Gecko_IOThread] WARNING: pipe error: 109: file z:/build/build/src/ipc/chromium/src/chrome/common/ipc_channel_win.cc, line 346
[Child 10412, Chrome_ChildThread] WARNING: pipe error: 109: file z:/build/build/src/ipc/chromium/src/chrome/common/ipc_channel_win.cc, line 346
[Child 10412, Chrome_ChildThread*** UTM:SVC TimerManager:registerTimer called after profile-before-change notification. Ignoring timer registration for id: telemetry_modules_ping

###!!! [Child][MessageChannel::SendAndWait] Error: Channel error: cannot send/recv

1518988879530	geckodriver	INFO	geckodriver 0.19.1
1518988879537	geckodriver	INFO	Listening on 127.0.0.1:25744
1518988882727	mozrunner::runner	INFO	Running command: "C:\\Program Files\\Mozilla Firefox\\firefox.exe" "-marionette" "-profile" "C:\\Users\\Jacob\\AppData\\Local\\Temp\\rust_mozprofile.RP7lJKdRwv8F"
Unable to read VR Path Registry from C:\Users\Jacob\AppData\Local\openvr\openvrpaths.vrpath
1518988883761	Marionette	INFO	Enabled via --marionette
Unable to read VR Path Registry from C:\Users\Jacob\AppData\Local\openvr\openvrpaths.vrpath
Unable to read VR Path Registry from C:\Users\Jacob\AppData\Local\openvr\openvrpaths.vrpath
Unable to read VR Path Registry from C:\Users\Jacob\AppData\Local\openvr\openvrpaths.vrpath
Unable to read VR Path Registry from C:\Users\Jacob\AppData\Local\openvr\openvrpaths.vrpath
1518988885370	Marionette	INFO	Listening on port 25752
1518988885930	Marionette	WARN	TLS certificate errors will be ignored for this session
[Parent 11844, Gecko_IOThread] WARNING: pipe error: 109: file z:/build/build/src/ipc/chromium/src/chrome/common/ipc_channel_win.cc, line 346
[Child 4456, Chrome_ChildThread] WARNING: pipe error: 109: file z:/build/build/src/ipc/chromium/src/chrome/common/ipc_channel_win.cc, line 346
[Child 4456, Chrome_ChildThread] WAR[Parent 11844, Gecko_IOThread] WARNING: pipe error: 109: file z:/build/build/src/ipc/chromium/src/chrome/common/ipc_channel_win.cc, line 346
[Child 5024, Chrome_ChildThread] WARNING: pipe error: 109: file z:/build/build/src/ipc/chromium/src/chrome/common/ipc_channel_win.cc, line 346
[Child 5024, Chrome_Child*** UTM:SVC TimerManager:registerTimer called after profile-before-change notification. Ignoring timer registration for id: telemetry_modules_ping

###!!! [Child][MessageChannel::SendAndWait] Error: Channel error: cannot send/recv

1518988892558	geckodriver	INFO	geckodriver 0.19.1
1518988892565	geckodriver	INFO	Listening on 127.0.0.1:25801
1518988895747	mozrunner::runner	INFO	Running command: "C:\\Program Files\\Mozilla Firefox\\firefox.exe" "-marionette" "-profile" "C:\\Users\\Jacob\\AppData\\Local\\Temp\\rust_mozprofile.vNCuL9igiscV"
Unable to read VR Path Registry from C:\Users\Jacob\AppData\Local\openvr\openvrpaths.vrpath
1518988896792	Marionette	INFO	Enabled via --marionette
Unable to read VR Path Registry from C:\Users\Jacob\AppData\Local\openvr\openvrpaths.vrpath
Unable to read VR Path Registry from C:\Users\Jacob\AppData\Local\openvr\openvrpaths.vrpath
Unable to read VR Path Registry from C:\Users\Jacob\AppData\Local\openvr\openvrpaths.vrpath
Unable to read VR Path Registry from C:\Users\Jacob\AppData\Local\openvr\openvrpaths.vrpath
1518988898407	Marionette	INFO	Listening on port 25810
1518988898934	Marionette	WARN	TLS certificate errors will be ignored for this session
[Parent 4312, Gecko_IOThread] WARNING: pipe error: 109: file z:/build/build/src/ipc/chromium/src/chrome/common/ipc_channel_win.cc, line 346
[Child 12520, Chrome_ChildThread] WARNING: pipe error: 109: file z:/build/build/src/ipc/chromium/src/chrome/common/ipc_channel_win.cc, line 346
[Child 12520, Chrome_ChildThread] WARNING: pipe error: 109: file z:/build/build/src/ipc/chromium/src/chrome/common/ipc_channel_win.cc, line 346
*** UTM:SVC TimerManager:registerTimer called after profile-before-change notification. Ignoring timer registration for id: telemetry_modules_ping

###!!! [Child][MessageChannel::SendAndWait] Error: Channel error: cannot send/recv

1518988965945	geckodriver	INFO	geckodriver 0.19.1
1518988965958	geckodriver	INFO	Listening on 127.0.0.1:26071
1518988969109	mozrunner::runner	INFO	Running command: "C:\\Program Files\\Mozilla Firefox\\firefox.exe" "-marionette" "-profile" "C:\\Users\\Jacob\\AppData\\Local\\Temp\\rust_mozprofile.w7wOLf30tNzb"
Unable to read VR Path Registry from C:\Users\Jacob\AppData\Local\openvr\openvrpaths.vrpath
1518988970040	Marionette	INFO	Enabled via --marionette
Unable to read VR Path Registry from C:\Users\Jacob\AppData\Local\openvr\openvrpaths.vrpath
Unable to read VR Path Registry from C:\Users\Jacob\AppData\Local\openvr\openvrpaths.vrpath
Unable to read VR Path Registry from C:\Users\Jacob\AppData\Local\openvr\openvrpaths.vrpath
Unable to read VR Path Registry from C:\Users\Jacob\AppData\Local\openvr\openvrpaths.vrpath
1518988971587	Marionette	INFO	Listening on port 26079
1518988972302	Marionette	WARN	TLS certificate errors will be ignored for this session
console.warn: LoginRecipes: getRecipes: falling back to a synchronous message for: https://www.google.com
[Parent 8160, Gecko_IOThread] WARNING: pipe error: 109: file z:/build/build/src/ipc/chromium/src/chrome/common/ipc_channel_win.cc, line 346
[Child 4832, Chrome_ChildThread] WARNING: pipe error: 109: file z:/build/build/src/ipc/chromium/src/chrome/common/ipc_channel_win.cc, line 346
[Child 4832, Chrome_ChildThread] WARNING: pipe error: 109: file z:/build/build/src/ipc/chromium/src/chrome/common/ipc_channel_win.cc, line 346
Unable to read VR Path Registry from C:\Users\Jacob\AppData\Local\openvr\openvrpaths.vrpath
[Parent 8160, Gecko_IOThread] WARNING: pipe error: 109: file z:/build/build/src/ipc/chromium/src/chrome/common/ipc_channel_win.cc, line 346
[Parent 8160, Gecko_IOThread] WARNING: pipe error: 109: file z:/build/build/src/ipc/chromium/src/chrome/common/ipc_channel_win.cc, line 346
[Child 7956, Chrome_ChildThread] WARNING: pipe error: 109: file z:/build/build/src/ipc/chromium/src/chrome/common/ipc_channel_win.cc, line 346
[Child 7956, Chrome_Child[Parent 4984, Gecko_IOThread] WARNING: pipe error: 109: file z:/build/build/src/ipc/chromium/src/chrome/common/ipc_channel_win.cc, line 346
Unable to read VR Path Registry from C:\Users\Jacob\AppData\Local\openvr\openvrpaths.vrpath
[Parent 4984, Gecko_IOThread] WARNING: pipe error: 109: file z:/build/build/src/ipc/chromium/src/chrome/common/ipc_channel_win.cc, line 346
[Parent 4984, Gecko_IOThread] WARNING: pipe error: 109: file z:/build/build/src/ipc/chromium/src/chrome/common/ipc_channel_win.cc, line 346
[Child 4576, Chrome_ChildThread] WARNING: pipe error: 109: file z:/build/build/src/ipc/chromium/src/chrome/common/ipc_channel_win.cc, line 346
[Child 4576, Chrome_ChildThr*** UTM:SVC TimerManager:registerTimer called after profile-before-change notification. Ignoring timer registration for id: telemetry_modules_ping

###!!! [Child][MessageChannel::SendAndWait] Error: Channel error: cannot send/recv

1518989137938	geckodriver	INFO	geckodriver 0.19.1
1518989137945	geckodriver	INFO	Listening on 127.0.0.1:26233
1518989141109	mozrunner::runner	INFO	Running command: "C:\\Program Files\\Mozilla Firefox\\firefox.exe" "-marionette" "-profile" "C:\\Users\\Jacob\\AppData\\Local\\Temp\\rust_mozprofile.KgsDr3KCLcgV"
Unable to read VR Path Registry from C:\Users\Jacob\AppData\Local\openvr\openvrpaths.vrpath
1518989141811	Marionette	INFO	Enabled via --marionette
Unable to read VR Path Registry from C:\Users\Jacob\AppData\Local\openvr\openvrpaths.vrpath
Unable to read VR Path Registry from C:\Users\Jacob\AppData\Local\openvr\openvrpaths.vrpath
Unable to read VR Path Registry from C:\Users\Jacob\AppData\Local\openvr\openvrpaths.vrpath
Unable to read VR Path Registry from C:\Users\Jacob\AppData\Local\openvr\openvrpaths.vrpath
1518989143182	Marionette	INFO	Listening on port 26241
1518989144268	Marionette	WARN	TLS certificate errors will be ignored for this session
[Parent 2176, Gecko_IOThread] WARNING: pipe error: 109: file z:/build/build/src/ipc/chromium/src/chrome/common/ipc_channel_win.cc, line 346
[Parent 2176, Gecko_IOThread] WARNING: pipe error: 109: file z:/build/build/src/ipc/chromium/src/chrome/common/ipc_channel_win.cc, line 346
[Child 10960, Chrome_ChildThread] WARNING: pipe error: 109: file z:/build/build/src/ipc/chromium/src/chrome/common/ipc_channel_win.cc, line 346
[Ch[Child 10960, Chrome_ChildThild 9376, Chrome_ChildThread] WARNING: pipe error: 109: file z:/build/build/src/ipc/chromium/src/chrome/common/ipc_channel_win.cc, line 346
[Child 9376, Chrome_C1518989184626	addons.productaddons	WARN	Failed downloading via XHR, status: 0, reason: error
[Parent 2176, Gecko_IOThread] WARNING: pipe error: 109: file z:/build/build/src/ipc/chromium/src/chrome/common/ipc_channel_win.cc, line 346
[Child 2012, Chrome_ChildThread] WARNING: pipe error: 109: file z:/build/build/src/ipc/chromium/src/chrome/common/ipc_channel_win.cc, line 346
[Child 2012, Chrome_ChildTh*** UTM:SVC TimerManager:registerTimer called after profile-before-change notification. Ignoring timer registration for id: telemetry_modules_ping

###!!! [Child][MessageChannel::SendAndWait] Error: Channel error: cannot send/recv

1518989196254	geckodriver	INFO	geckodriver 0.19.1
1518989196260	geckodriver	INFO	Listening on 127.0.0.1:26295
1518989199379	mozrunner::runner	INFO	Running command: "C:\\Program Files\\Mozilla Firefox\\firefox.exe" "-marionette" "-profile" "C:\\Users\\Jacob\\AppData\\Local\\Temp\\rust_mozprofile.Lw9FhhYLQbEi"
Unable to read VR Path Registry from C:\Users\Jacob\AppData\Local\openvr\openvrpaths.vrpath
1518989199878	Marionette	INFO	Enabled via --marionette
Unable to read VR Path Registry from C:\Users\Jacob\AppData\Local\openvr\openvrpaths.vrpath
Unable to read VR Path Registry from C:\Users\Jacob\AppData\Local\openvr\openvrpaths.vrpath
Unable to read VR Path Registry from C:\Users\Jacob\AppData\Local\openvr\openvrpaths.vrpath
Unable to read VR Path Registry from C:\Users\Jacob\AppData\Local\openvr\openvrpaths.vrpath
1518989201239	Marionette	INFO	Listening on port 26303
1518989201429	Marionette	WARN	TLS certificate errors will be ignored for this session
[Parent 6476, Gecko_IOThread] WARNING: pipe error: 109: file z:/build/build/src/ipc/chromium/src/chrome/common/ipc_channel_win.cc, line 346
[Parent 6476, Gecko_IOThread] WARNING: pipe error: 109: file z:/build/build/src/ipc/chromium/src/chrome/common/ipc_channel_win.cc, line 346
[Child 6752, Chrome_ChildThread] WARNING: pipe error: 109: file z:/build/build/src/ipc/chromium/src/chrome/common/ipc_channel_win.cc, line 346
[Parent 6476, Gecko_IOThread] WARNING: pipe error: 109: file z:/build/build/src/ipc/chromium/src/chrome/common/ipc_channel_win.cc, line 346
[Child 6604, Chrome_ChildThread] WARNING: pipe error: 109: file z:/build/build/src/ipc/chromium/src/chrome/common/ipc_channel_win.cc, line 346
[Child 6604, Chrome_ChildThread*** UTM:SVC TimerManager:registerTimer called after profile-before-change notification. Ignoring timer registration for id: telemetry_modules_ping

###!!! [Child][MessageChannel::SendAndWait] Error: Channel error: cannot send/recv

1518989320269	geckodriver	INFO	geckodriver 0.19.1
1518989320275	geckodriver	INFO	Listening on 127.0.0.1:26348
1518989323400	mozrunner::runner	INFO	Running command: "C:\\Program Files\\Mozilla Firefox\\firefox.exe" "-marionette" "-profile" "C:\\Users\\Jacob\\AppData\\Local\\Temp\\rust_mozprofile.hgH99N6ds8eh"
Unable to read VR Path Registry from C:\Users\Jacob\AppData\Local\openvr\openvrpaths.vrpath
1518989323972	Marionette	INFO	Enabled via --marionette
Unable to read VR Path Registry from C:\Users\Jacob\AppData\Local\openvr\openvrpaths.vrpath
Unable to read VR Path Registry from C:\Users\Jacob\AppData\Local\openvr\openvrpaths.vrpath
Unable to read VR Path Registry from C:\Users\Jacob\AppData\Local\openvr\openvrpaths.vrpath
Unable to read VR Path Registry from C:\Users\Jacob\AppData\Local\openvr\openvrpaths.vrpath
1518989325307	Marionette	INFO	Listening on port 26356
1518989325441	Marionette	WARN	TLS certificate errors will be ignored for this session
[Parent 12544, Gecko_IOThread] WARNING: pipe error: 109: file z:/build/build/src/ipc/chromium/src/chrome/common/ipc_channel_win.cc, line 346
[Child 5012, Chrome_ChildThread] WARNING: pipe error: 109: file z:/build/build/src/ipc/chromium/src/chrome/common/ipc_channel_win.cc, line 346
[Child 9176, Chrome_ChildThread] WARNING: pipe error: 109: file z:/build/build/src/ipc/chromium/src/chrome/common/ipc_channel_win.cc, line 346
[Child 9176, Chro[Parent 12544, Gecko_IOThread] WARNING: pipe error: 109: file z:/build/build/src/ipc/chromium/src/chrome/common/ipc_channel_win.cc, line 346
[Child 2584, Chrome_ChildThread] WARNING: pipe error: 109: file z:/build/build/src/ipc/chromium/src/chrome/common/ipc_channel_win.cc, line 346
[Child 2584, Chrome_ChildT*** UTM:SVC TimerManager:registerTimer called after profile-before-change notification. Ignoring timer registration for id: telemetry_modules_ping
[GPU 2316, Chrome_Chil
###!!! [Child][MessageChannel::SendAndWait] Error: Channel error: cannot send/recv

1518991215642	geckodriver	INFO	geckodriver 0.19.1
1518991215647	geckodriver	INFO	Listening on 127.0.0.1:26750
1518991218813	mozrunner::runner	INFO	Running command: "C:\\Program Files\\Mozilla Firefox\\firefox.exe" "-marionette" "-profile" "C:\\Users\\Jacob\\AppData\\Local\\Temp\\rust_mozprofile.zrzRCzHyyjh3"
Unable to read VR Path Registry from C:\Users\Jacob\AppData\Local\openvr\openvrpaths.vrpath
1518991219341	Marionette	INFO	Enabled via --marionette
Unable to read VR Path Registry from C:\Users\Jacob\AppData\Local\openvr\openvrpaths.vrpath
Unable to read VR Path Registry from C:\Users\Jacob\AppData\Local\openvr\openvrpaths.vrpath
Unable to read VR Path Registry from C:\Users\Jacob\AppData\Local\openvr\openvrpaths.vrpath
Unable to read VR Path Registry from C:\Users\Jacob\AppData\Local\openvr\openvrpaths.vrpath
1518991221091	Marionette	INFO	Listening on port 26758
1518991221974	Marionette	WARN	TLS certificate errors will be ignored for this session
JavaScript error: resource://devtools/shared/base-loader.js -> resource://devtools/server/actors/highlighters/box-model.js, line 410: TypeError: quads is undefined
[Parent 1488, Gecko_IOThread] WARNING: pipe error: 109: file z:/build/build/src/ipc/chromium/src/chrome/common/ipc_channel_win.cc, line 346
[Parent 1488, Gecko_IOThread] WARNING: pipe error: 109: file z:/build/build/src/ipc/chromium/src/chrome/common/ipc_channel_win.cc, line 346
[Child 3824, Chrome_ChildThread] WARNING: pipe error: 109: file z:/build/build/src/ipc/chromium/src/chrome/common/ipc_channel_win.cc, line 346
[Child 3824, Chrome_ChildThread[Child 3732, Chrome_ChildThread] WARNING: pipe error: 109: file z:/build/build/src/ipc/chromium/src/chrome/common/ipc_channel_win.cc, line 346
[Child 3732, Chrome_ChildThr
###!!! [Child][MessageChannel::SendAndWait] Error: Channel error: cannot send/recv

\openvrpaths.vrpath
1518991286039	Marionette	INFO	Listening on port 26822
Unable to read VR Path Registry from C:\Users\Jacob\AppData\Local\openvr\openvrpaths.vrpath
1518991286788	Marionette	WARN	TLS certificate errors will be ignored for this session
[Parent 9052, Gecko_IOThread] WARNING: pipe error: 109: file z:/build/build/src/ipc/chromium/src/chrome/common/ipc_channel_win.cc, line 346
[Parent 9052, Gecko_IOThread] WARNING: pipe error: 109: file z:/build/build/src/ipc/chromium/src/chrome/common/ipc_channel_win.cc, line 346
[Parent 9052, Gecko_IOThread] WARNING: pipe error: 109: file z:/build/build/src/ipc/chromium/src/chrome/common/ipc_channel_win.cc, line 346
[Child 11044, Chrome_ChildThread] WARNING: pipe error: 109: file z:/build/build/src/ipc/chromium/src/chrome/common/ipc_channel_win.cc, line 346
[Child 11044, Chrome_ChildThr
###!!! [Child][MessageChannel::SendAndWait] Error: Channel error: cannot send/recv

Users\Jacob\AppData\Local\openvr\openvrpaths.vrpath
1518991349258	Marionette	INFO	Listening on port 26892
Unable to read VR Path Registry from C:\Users\Jacob\AppData\Local\openvr\openvrpaths.vrpath
1518991349426	Marionette	WARN	TLS certificate errors will be ignored for this session
[Parent 2588, Gecko_IOThread] WARNING: pipe error: 109: file z:/build/build/src/ipc/chromium/src/chrome/common/ipc_channel_win.cc, line 346
[Parent 2588, Gecko_IOThread] WARNING: pipe error: 109: file z:/build/build/src/ipc/chromium/src/chrome/common/ipc_channel_win.cc, line 346
[Child 5736, Chrome_ChildThread] WARNING: pipe error: 109: file z:/build/build/src/ipc/chromium/src/chrome/common/ipc_channel_win.cc, line 346
[Child 5736, Chrome_ChildT[Parent 2588, Gecko_IOThread] WARNING: pipe error: 109: file z:/build/build/src/ipc/chromium/src/chrome/common/ipc_channel_win.cc, line 346
[Child 9068, Chrome_ChildThread] WARNING: pipe error: 109: file z:/build/build/src/ipc/chromium/src/chrome/common/ipc_channel_win.cc, line 346
[Child 9068, Chrome_ChildT*** UTM:SVC TimerManager:registerTimer called after profile-before-change notification. Ignoring timer registration for id: telemetry_modules_ping

###!!! [Child][MessageChannel::SendAndWait] Error: Channel error: cannot send/recv

1518991746024	geckodriver	INFO	geckodriver 0.19.1
1518991746030	geckodriver	INFO	Listening on 127.0.0.1:27046
1518991749204	mozrunner::runner	INFO	Running command: "C:\\Program Files\\Mozilla Firefox\\firefox.exe" "-marionette" "-profile" "C:\\Users\\Jacob\\AppData\\Local\\Temp\\rust_mozprofile.J4ths9unIAtW"
Unable to read VR Path Registry from C:\Users\Jacob\AppData\Local\openvr\openvrpaths.vrpath
1518991750073	Marionette	INFO	Enabled via --marionette
Unable to read VR Path Registry from C:\Users\Jacob\AppData\Local\openvr\openvrpaths.vrpath
Unable to read VR Path Registry from C:\Users\Jacob\AppData\Local\openvr\openvrpaths.vrpath
Unable to read VR Path Registry from C:\Users\Jacob\AppData\Local\openvr\openvrpaths.vrpath
Unable to read VR Path Registry from C:\Users\Jacob\AppData\Local\openvr\openvrpaths.vrpath
1518991751444	Marionette	INFO	Listening on port 27054
1518991752341	Marionette	WARN	TLS certificate errors will be ignored for this session
[Parent 4468, Gecko_IOThread] WARNING: pipe error: 109: file z:/build/build/src/ipc/chromium/src/chrome/common/ipc_channel_win.cc, line 346
[Parent 4468, Gecko_IOThread] WARNING: pipe error: 109: file z:/build/build/src/ipc/chromium/src/chrome/common/ipc_channel_win.cc, line 346
[Child 7164, Chrome_ChildThread] WARNING: pipe error: 109: file z:/build/build/src/ipc/chromium/src/chrome/common/ipc_channel_win.cc, line 346
[Child 7164, [Child 6348, Chrome_ChildThread] WARNING: pipe error: 109: file z:/build/build/src/ipc/chromium/src/chrome/common/ipc_channel_win.cc, line 346
[Child 6348, Chrome_ChildThread] [Parent 4468, Gecko_IOThread] WARNING: pipe error: 109: file z:/build/build/src/ipc/chromium/src/chrome/common/ipc_channel_win.cc, line 346

###!!! [Child][MessageChannel::SendAndWait] Error: Channel error: cannot send/recv

Marionette	INFO	Listening on port 27120
1518991884184	Marionette	WARN	TLS certificate errors will be ignored for this session
[Parent 6224, Gecko_IOThread] WARNING: pipe error: 109: file z:/build/build/src/ipc/chromium/src/chrome/common/ipc_channel_win.cc, line 346
[Parent 6224, Gecko_IOThread] WARNING: pipe error: 109: file z:/build/build/src/ipc/chromium/src/chrome/common/ipc_channel_win.cc, line 346
[Child 3532, Chrome_ChildThread] WARNING: pipe error: 109: file z:/build/build/src/ipc/chromium/src/chrome/common/ipc_channel_win.cc, line 346
[Child 3532, Chrome_ChildThread[Child 12772, Chrome_ChildThread] WARNING: pipe error: 109: file z:/build/build/src/ipc/chromium/src/chrome/common/ipc_channel_win.cc, line 346
[Child 12772, Chrome_ChildThread[Parent 6224, Gecko_IOThread] WARNING: pipe error: 109: file z:/build/build/src/ipc/chromium/src/chrome/common/ipc_channel_win.cc, line 346
*** UTM:SVC TimerManager:registerTimer called after profile-before-change notification. Ignoring timer registration for id: telemetry_modules_ping

###!!! [Child][MessageChannel::SendAndWait] Error: Channel error: cannot send/recv

1518991923617	geckodriver	INFO	geckodriver 0.19.1
1518991923623	geckodriver	INFO	Listening on 127.0.0.1:27178
1518991926768	mozrunner::runner	INFO	Running command: "C:\\Program Files\\Mozilla Firefox\\firefox.exe" "-marionette" "-profile" "C:\\Users\\Jacob\\AppData\\Local\\Temp\\rust_mozprofile.USDHmjmZNlhZ"
Unable to read VR Path Registry from C:\Users\Jacob\AppData\Local\openvr\openvrpaths.vrpath
1518991927317	Marionette	INFO	Enabled via --marionette
Unable to read VR Path Registry from C:\Users\Jacob\AppData\Local\openvr\openvrpaths.vrpath
Unable to read VR Path Registry from C:\Users\Jacob\AppData\Local\openvr\openvrpaths.vrpath
Unable to read VR Path Registry from C:\Users\Jacob\AppData\Local\openvr\openvrpaths.vrpath
Unable to read VR Path Registry from C:\Users\Jacob\AppData\Local\openvr\openvrpaths.vrpath
1518991928826	Marionette	INFO	Listening on port 27186
1518991929968	Marionette	WARN	TLS certificate errors will be ignored for this session
JavaScript error: http://guayaki.com/js/carousel.js, line 92: TypeError: trigger is undefined
[Parent 10408, Gecko_IOThread] WARNING: pipe error: 109: file z:/build/build/src/ipc/chromium/src/chrome/common/ipc_channel_win.cc, line 346
[Parent 10408, Gecko_IOThread] WARNING: pipe error: 109: file z:/build/build/src/ipc/chromium/src/chrome/common/ipc_channel_win.cc, line 346
[Child 13004, Chrome_ChildThread] WARNING: pipe error: 109: file z:/build/build/src/ipc/chromium/src/chrome/common/ipc_channel_win.cc, line 346
[Child 13004, Chrome_ChildThread] WAR[Child 12932, Chrome_ChildThread] WARNING: pipe error: 109: file z:/build/build/src/ipc/chromium/src/chrome/common/ipc_channel_win.cc, line 346
[Child 12932, Chrome_Chil[Parent 10408, Gecko_IOThread] WARNING: pipe error: 109: file z:/build/build/src/ipc/chromium/src/chrome/common/ipc_channel_win.cc, line 346
[Child 8036, Chrome_ChildThread] WARNING: pipe error: 109: file z:/build/build/src/ipc/chromium/src/chrome/common/ipc_channel_win.cc, line 346
[Child 8036, Chrome_ChildThread]
###!!! [Child][MessageChannel::SendAndWait] Error: Channel error: cannot send/recv

or: trigger is undefined
[Parent 712, Gecko_IOThread] WARNING: pipe error: 109: file z:/build/build/src/ipc/chromium/src/chrome/common/ipc_channel_win.cc, line 346
[Child 11860, Chrome_ChildThread] WARNING: pipe error: 109: file z:/build/build/src/ipc/chromium/src/chrome/common/ipc_channel_win.cc, line 346
[Child 11860, Chrome_ChildThread] WARNING: pipe error: 109: file z:/build/build/src/ipc/[Child 7476, Chrome_ChildThread] WARNING: pipe error: 109: file z:/build/build/src/ipc/chromium/src/chrome/common/ipc_channel_win.cc, line 346
[Child 7476, Chrome_Child1518992028166	addons.productaddons	WARN	Failed downloading via XHR, status: 0, reason: error
[Parent 712, Gecko_IOThread] WARNING: pipe error: 109: file z:/build/build/src/ipc/chromium/src/chrome/common/ipc_channel_win.cc, line 346
[Child 9712, Chrome_ChildThread] WARNING: pipe error: 109: file z:/build/build/src/ipc/chromium/src/chrome/common/ipc_channel_win.cc, line 346
[Child 9712, Chrome_ChildThr*** UTM:SVC TimerManager:registerTimer called after profile-before-change notification. Ignoring timer registration for id: telemetry_modules_ping

###!!! [Child][MessageChannel::SendAndWait] Error: Channel error: cannot send/recv

1518992220620	geckodriver	INFO	geckodriver 0.19.1
1518992220626	geckodriver	INFO	Listening on 127.0.0.1:27351
1518992223761	mozrunner::runner	INFO	Running command: "C:\\Program Files\\Mozilla Firefox\\firefox.exe" "-marionette" "-profile" "C:\\Users\\Jacob\\AppData\\Local\\Temp\\rust_mozprofile.V0pdgN6RB1aE"
Unable to read VR Path Registry from C:\Users\Jacob\AppData\Local\openvr\openvrpaths.vrpath
1518992224215	Marionette	INFO	Enabled via --marionette
Unable to read VR Path Registry from C:\Users\Jacob\AppData\Local\openvr\openvrpaths.vrpath
Unable to read VR Path Registry from C:\Users\Jacob\AppData\Local\openvr\openvrpaths.vrpath
Unable to read VR Path Registry from C:\Users\Jacob\AppData\Local\openvr\openvrpaths.vrpath
Unable to read VR Path Registry from C:\Users\Jacob\AppData\Local\openvr\openvrpaths.vrpath
1518992225558	Marionette	INFO	Listening on port 27359
1518992225786	Marionette	WARN	TLS certificate errors will be ignored for this session
JavaScript error: http://guayaki.com/js/carousel.js, line 92: TypeError: trigger is undefined
[Parent 2208, Gecko_IOThread] WARNING: pipe error: 109: file z:/build/build/src/ipc/chromium/src/chrome/common/ipc_channel_win.cc, line 346
[Child 8944, Chrome_ChildThread] WARNING: pipe error: 109: file z:/build/build/src/ipc/chromium/src/chrome/common/ipc_channel_win.cc, line 346
[Child 8944, Chrome_ChildThread] WARNING: pipe error:[Parent 2208, Gecko_IOThread] WARNING: pipe error: 109: file z:/build/build/src/ipc/chromium/src/chrome/common/ipc_channel_win.cc, line 346
*** UTM:SVC TimerManager:registerTimer called after profile-before-change notification. Ignoring timer registration for id: telemetry_modules_ping

###!!! [Child][MessageChannel::SendAndWait] Error: Channel error: cannot send/recv

